<?xml version="1.0" encoding="UTF-8"?>
<testng-results ignored="0" total="1" passed="1" failed="0" skipped="0">
  <reporter-output>
  </reporter-output>
  <suite started-at="2021-11-02T15:33:33 IST" name="Default suite" finished-at="2021-11-02T15:33:40 IST" duration-ms="6221">
    <groups>
    </groups>
    <test started-at="2021-11-02T15:33:33 IST" name="Default test" finished-at="2021-11-02T15:33:40 IST" duration-ms="6221">
      <class name="com.testautomation.MyAutomation.Guru99Registration">
        <test-method is-config="true" signature="beforeSuite()[pri:0, instance:com.testautomation.MyAutomation.Guru99Registration@7bab3f1a]" started-at="2021-11-02T15:33:27 IST" name="beforeSuite" finished-at="2021-11-02T15:33:33 IST" duration-ms="6687" status="PASS">
          <reporter-output>
          </reporter-output>
        </test-method> <!-- beforeSuite -->
        <test-method is-config="true" signature="beforeTest()[pri:0, instance:com.testautomation.MyAutomation.Guru99Registration@7bab3f1a]" started-at="2021-11-02T15:33:33 IST" name="beforeTest" finished-at="2021-11-02T15:33:39 IST" duration-ms="5232" status="PASS">
          <reporter-output>
          </reporter-output>
        </test-method> <!-- beforeTest -->
        <test-method is-config="true" signature="ReadData()[pri:0, instance:com.testautomation.MyAutomation.Guru99Registration@7bab3f1a]" started-at="2021-11-02T15:33:39 IST" name="ReadData" finished-at="2021-11-02T15:33:40 IST" duration-ms="939" status="PASS">
          <reporter-output>
          </reporter-output>
        </test-method> <!-- ReadData -->
        <test-method signature="Loign1()[pri:0, instance:com.testautomation.MyAutomation.Guru99Registration@7bab3f1a]" started-at="2021-11-02T15:33:40 IST" name="Loign1" finished-at="2021-11-02T15:33:40 IST" duration-ms="6" status="PASS">
          <reporter-output>
          </reporter-output>
        </test-method> <!-- Loign1 -->
        <test-method is-config="true" signature="afterSuite()[pri:0, instance:com.testautomation.MyAutomation.Guru99Registration@7bab3f1a]" started-at="2021-11-02T15:33:40 IST" name="afterSuite" finished-at="2021-11-02T15:33:40 IST" duration-ms="132" status="PASS">
          <reporter-output>
          </reporter-output>
        </test-method> <!-- afterSuite -->
      </class> <!-- com.testautomation.MyAutomation.Guru99Registration -->
    </test> <!-- Default test -->
  </suite> <!-- Default suite -->
</testng-results>
